

Microchip MPLAB XC8 Assembler V3.10 build 20250813170317 
                                                                                               Wed Jan 28 10:22:42 2026

Microchip MPLAB XC8 C Compiler v3.10 (Free license) build 20250813170317 Og1 
     1                           	processor	16F882
     2                           	pagewidth 120
     3                           	opt	flic
     4                           	psect	cinit,global,class=CODE,space=0,merge=1,delta=2
     5                           	psect	bitbssCOMMON,global,bit,class=COMMON,space=1,delta=1,noexec
     6                           	psect	bssCOMMON,global,class=COMMON,space=1,delta=1,noexec
     7                           	psect	bssBANK0,global,class=BANK0,space=1,delta=1,noexec
     8                           	psect	cstackCOMMON,global,class=COMMON,space=1,delta=1,noexec
     9                           	psect	maintext,global,class=CODE,space=0,split=1,delta=2
    10                           	psect	text1,local,class=CODE,space=0,merge=1,delta=2
    11                           	psect	text2,local,class=CODE,space=0,merge=1,delta=2
    12                           	psect	text3,local,class=CODE,space=0,merge=1,delta=2
    13                           	psect	text4,local,class=CODE,space=0,merge=1,delta=2
    14                           	psect	text5,local,class=CODE,space=0,merge=1,delta=2
    15                           	psect	text6,local,class=CODE,space=0,merge=1,delta=2
    16                           	psect	config,global,abs,ovrld,class=CONFIG,space=4,delta=2,noexec
    17                           	dabs	1,0x7E,2
    18     0000                     
    19                           ; Generated 12/10/2023 GMT
    20                           ; 
    21                           ; Copyright © 2023, Microchip Technology Inc. and its subsidiaries ("Microchip")
    22                           ; All rights reserved.
    23                           ; 
    24                           ; This software is developed by Microchip Technology Inc. and its subsidiaries ("Microch
      +                          ip").
    25                           ; 
    26                           ; Redistribution and use in source and binary forms, with or without modification, are
    27                           ; permitted provided that the following conditions are met:
    28                           ; 
    29                           ;     1. Redistributions of source code must retain the above copyright notice, this lis
      +                          t of
    30                           ;        conditions and the following disclaimer.
    31                           ; 
    32                           ;     2. Redistributions in binary form must reproduce the above copyright notice, this 
      +                          list
    33                           ;        of conditions and the following disclaimer in the documentation and/or other
    34                           ;        materials provided with the distribution. Publication is not required when
    35                           ;        this file is used in an embedded application.
    36                           ; 
    37                           ;     3. Microchip's name may not be used to endorse or promote products derived from th
      +                          is
    38                           ;        software without specific prior written permission.
    39                           ; 
    40                           ; THIS SOFTWARE IS PROVIDED BY MICROCHIP "AS IS" AND ANY EXPRESS OR IMPLIED WARRANTIES,
    41                           ; INCLUDING, BUT NOT LIMITED TO, THE IMPLIED WARRANTIES OF MERCHANTABILITY AND FITNESS F
      +                          OR
    42                           ; PURPOSE ARE DISCLAIMED.  IN NO EVENT SHALL MICROCHIP BE LIABLE FOR ANY DIRECT, INDIREC
      +                          T,
    43                           ; INCIDENTAL, SPECIAL, EXEMPLARY, OR CONSEQUENTIAL DAMAGES (INCLUDING BUT NOT LIMITED TO
    44                           ; PROCUREMENT OF SUBSTITUTE GOODS OR SERVICES; LOSS OF USE, DATA OR PROFITS; OR BUSINESS
    45                           ; INTERRUPTION) HOWSOEVER CAUSED AND ON ANY THEORY OF LIABILITY, WHETHER IN CONTRACT, ST
      +                          RICT
    46                           ; LIABILITY, OR TORT (INCLUDING NEGLIGENCE OR OTHERWISE) ARISING IN ANY WAY OUT OF THE U
      +                          SE OF
    47                           ; THIS SOFTWARE, EVEN IF ADVISED OF THE POSSIBILITY OF SUCH DAMAGE.
    48                           ; 
    49                           ; 
    50                           ; Code-generator required, PIC16F882 Definitions
    51                           ; 
    52                           ; SFR Addresses
    53     0004                     fsr             equ	4
    54     0004                     fsr0            equ	4
    55     0000                     indf            equ	0
    56     0000                     indf0           equ	0
    57     0002                     pc              equ	2
    58     0002                     pcl             equ	2
    59     000A                     pclath          equ	10
    60     0003                     status          equ	3
    61     0000                     INDF            equ	0	;# 
    62     0001                     TMR0            equ	1	;# 
    63     0002                     PCL             equ	2	;# 
    64     0003                     STATUS          equ	3	;# 
    65     0004                     FSR             equ	4	;# 
    66     0005                     PORTA           equ	5	;# 
    67     0006                     PORTB           equ	6	;# 
    68     0007                     PORTC           equ	7	;# 
    69     0009                     PORTE           equ	9	;# 
    70     000A                     PCLATH          equ	10	;# 
    71     000B                     INTCON          equ	11	;# 
    72     000C                     PIR1            equ	12	;# 
    73     000D                     PIR2            equ	13	;# 
    74     000E                     TMR1            equ	14	;# 
    75     000E                     TMR1L           equ	14	;# 
    76     000F                     TMR1H           equ	15	;# 
    77     0010                     T1CON           equ	16	;# 
    78     0011                     TMR2            equ	17	;# 
    79     0012                     T2CON           equ	18	;# 
    80     0013                     SSPBUF          equ	19	;# 
    81     0014                     SSPCON          equ	20	;# 
    82     0015                     CCPR1           equ	21	;# 
    83     0015                     CCPR1L          equ	21	;# 
    84     0016                     CCPR1H          equ	22	;# 
    85     0017                     CCP1CON         equ	23	;# 
    86     0018                     RCSTA           equ	24	;# 
    87     0019                     TXREG           equ	25	;# 
    88     001A                     RCREG           equ	26	;# 
    89     001B                     CCPR2           equ	27	;# 
    90     001B                     CCPR2L          equ	27	;# 
    91     001C                     CCPR2H          equ	28	;# 
    92     001D                     CCP2CON         equ	29	;# 
    93     001E                     ADRESH          equ	30	;# 
    94     001F                     ADCON0          equ	31	;# 
    95     0081                     OPTION_REG      equ	129	;# 
    96     0085                     TRISA           equ	133	;# 
    97     0086                     TRISB           equ	134	;# 
    98     0087                     TRISC           equ	135	;# 
    99     0089                     TRISE           equ	137	;# 
   100     008C                     PIE1            equ	140	;# 
   101     008D                     PIE2            equ	141	;# 
   102     008E                     PCON            equ	142	;# 
   103     008F                     OSCCON          equ	143	;# 
   104     0090                     OSCTUNE         equ	144	;# 
   105     0091                     SSPCON2         equ	145	;# 
   106     0092                     PR2             equ	146	;# 
   107     0093                     SSPADD          equ	147	;# 
   108     0093                     SSPMSK          equ	147	;# 
   109     0093                     MSK             equ	147	;# 
   110     0094                     SSPSTAT         equ	148	;# 
   111     0095                     WPUB            equ	149	;# 
   112     0096                     IOCB            equ	150	;# 
   113     0097                     VRCON           equ	151	;# 
   114     0098                     TXSTA           equ	152	;# 
   115     0099                     SPBRG           equ	153	;# 
   116     009A                     SPBRGH          equ	154	;# 
   117     009B                     PWM1CON         equ	155	;# 
   118     009C                     ECCPAS          equ	156	;# 
   119     009D                     PSTRCON         equ	157	;# 
   120     009E                     ADRESL          equ	158	;# 
   121     009F                     ADCON1          equ	159	;# 
   122     0105                     WDTCON          equ	261	;# 
   123     0107                     CM1CON0         equ	263	;# 
   124     0108                     CM2CON0         equ	264	;# 
   125     0109                     CM2CON1         equ	265	;# 
   126     010C                     EEDATA          equ	268	;# 
   127     010C                     EEDAT           equ	268	;# 
   128     010D                     EEADR           equ	269	;# 
   129     010E                     EEDATH          equ	270	;# 
   130     010F                     EEADRH          equ	271	;# 
   131     0185                     SRCON           equ	389	;# 
   132     0187                     BAUDCTL         equ	391	;# 
   133     0188                     ANSEL           equ	392	;# 
   134     0189                     ANSELH          equ	393	;# 
   135     018C                     EECON1          equ	396	;# 
   136     018D                     EECON2          equ	397	;# 
   137     0000                     INDF            equ	0	;# 
   138     0001                     TMR0            equ	1	;# 
   139     0002                     PCL             equ	2	;# 
   140     0003                     STATUS          equ	3	;# 
   141     0004                     FSR             equ	4	;# 
   142     0005                     PORTA           equ	5	;# 
   143     0006                     PORTB           equ	6	;# 
   144     0007                     PORTC           equ	7	;# 
   145     0009                     PORTE           equ	9	;# 
   146     000A                     PCLATH          equ	10	;# 
   147     000B                     INTCON          equ	11	;# 
   148     000C                     PIR1            equ	12	;# 
   149     000D                     PIR2            equ	13	;# 
   150     000E                     TMR1            equ	14	;# 
   151     000E                     TMR1L           equ	14	;# 
   152     000F                     TMR1H           equ	15	;# 
   153     0010                     T1CON           equ	16	;# 
   154     0011                     TMR2            equ	17	;# 
   155     0012                     T2CON           equ	18	;# 
   156     0013                     SSPBUF          equ	19	;# 
   157     0014                     SSPCON          equ	20	;# 
   158     0015                     CCPR1           equ	21	;# 
   159     0015                     CCPR1L          equ	21	;# 
   160     0016                     CCPR1H          equ	22	;# 
   161     0017                     CCP1CON         equ	23	;# 
   162     0018                     RCSTA           equ	24	;# 
   163     0019                     TXREG           equ	25	;# 
   164     001A                     RCREG           equ	26	;# 
   165     001B                     CCPR2           equ	27	;# 
   166     001B                     CCPR2L          equ	27	;# 
   167     001C                     CCPR2H          equ	28	;# 
   168     001D                     CCP2CON         equ	29	;# 
   169     001E                     ADRESH          equ	30	;# 
   170     001F                     ADCON0          equ	31	;# 
   171     0081                     OPTION_REG      equ	129	;# 
   172     0085                     TRISA           equ	133	;# 
   173     0086                     TRISB           equ	134	;# 
   174     0087                     TRISC           equ	135	;# 
   175     0089                     TRISE           equ	137	;# 
   176     008C                     PIE1            equ	140	;# 
   177     008D                     PIE2            equ	141	;# 
   178     008E                     PCON            equ	142	;# 
   179     008F                     OSCCON          equ	143	;# 
   180     0090                     OSCTUNE         equ	144	;# 
   181     0091                     SSPCON2         equ	145	;# 
   182     0092                     PR2             equ	146	;# 
   183     0093                     SSPADD          equ	147	;# 
   184     0093                     SSPMSK          equ	147	;# 
   185     0093                     MSK             equ	147	;# 
   186     0094                     SSPSTAT         equ	148	;# 
   187     0095                     WPUB            equ	149	;# 
   188     0096                     IOCB            equ	150	;# 
   189     0097                     VRCON           equ	151	;# 
   190     0098                     TXSTA           equ	152	;# 
   191     0099                     SPBRG           equ	153	;# 
   192     009A                     SPBRGH          equ	154	;# 
   193     009B                     PWM1CON         equ	155	;# 
   194     009C                     ECCPAS          equ	156	;# 
   195     009D                     PSTRCON         equ	157	;# 
   196     009E                     ADRESL          equ	158	;# 
   197     009F                     ADCON1          equ	159	;# 
   198     0105                     WDTCON          equ	261	;# 
   199     0107                     CM1CON0         equ	263	;# 
   200     0108                     CM2CON0         equ	264	;# 
   201     0109                     CM2CON1         equ	265	;# 
   202     010C                     EEDATA          equ	268	;# 
   203     010C                     EEDAT           equ	268	;# 
   204     010D                     EEADR           equ	269	;# 
   205     010E                     EEDATH          equ	270	;# 
   206     010F                     EEADRH          equ	271	;# 
   207     0185                     SRCON           equ	389	;# 
   208     0187                     BAUDCTL         equ	391	;# 
   209     0188                     ANSEL           equ	392	;# 
   210     0189                     ANSELH          equ	393	;# 
   211     018C                     EECON1          equ	396	;# 
   212     018D                     EECON2          equ	397	;# 
   213     0007                     _PORTC          set	7
   214     0006                     _PORTB          set	6
   215     002A                     _RA2            set	42
   216     0037                     _RB7            set	55
   217     0035                     _RB5            set	53
   218     0029                     _RA1            set	41
   219     003B                     _RC3            set	59
   220     0039                     _RC1            set	57
   221     0034                     _RB4            set	52
   222     002B                     _RA3            set	43
   223     003C                     _RC4            set	60
   224     0036                     _RB6            set	54
   225     003E                     _RC6            set	62
   226     0087                     _TRISC          set	135
   227     0086                     _TRISB          set	134
   228     0085                     _TRISA          set	133
   229     008F                     _OSCCON         set	143
   230     0189                     _ANSELH         set	393
   231     0188                     _ANSEL          set	392
   232                           
   233                           	psect	cinit
   234     07F0                     start_initialization:	
   235                           ; #config settings
   236                           
   237     07F0                     __initialization:
   238                           
   239                           ; Clear objects allocated to BITCOMMON
   240     07F0  01FD               	clrf	(__pbitbssCOMMON/(0+8))& (0+127)
   241                           
   242                           ; Clear objects allocated to COMMON
   243     07F1  01F0               	clrf	__pbssCOMMON& (0+127)
   244     07F2  01F1               	clrf	(__pbssCOMMON+1)& (0+127)
   245     07F3  01F2               	clrf	(__pbssCOMMON+2)& (0+127)
   246     07F4  01F3               	clrf	(__pbssCOMMON+3)& (0+127)
   247     07F5  01F4               	clrf	(__pbssCOMMON+4)& (0+127)
   248     07F6  01F5               	clrf	(__pbssCOMMON+5)& (0+127)
   249     07F7  01F6               	clrf	(__pbssCOMMON+6)& (0+127)
   250                           
   251                           ; Clear objects allocated to BANK0
   252     07F8  1283               	bcf	3,5	;RP0=0, select bank0
   253     07F9  1303               	bcf	3,6	;RP1=0, select bank0
   254     07FA  01A0               	clrf	__pbssBANK0& (0+127)
   255     07FB  01A1               	clrf	(__pbssBANK0+1)& (0+127)
   256     07FC  01A2               	clrf	(__pbssBANK0+2)& (0+127)
   257     07FD  01A3               	clrf	(__pbssBANK0+3)& (0+127)
   258     07FE                     end_of_initialization:	
   259                           ;End of C runtime variable initialization code
   260                           
   261     07FE                     __end_of__initialization:
   262     07FE  0183               	clrf	3
   263     07FF  2F6A               	ljmp	_main	;jump to C main() function
   264                           
   265                           	psect	bitbssCOMMON
   266     03E8                     __pbitbssCOMMON:
   267     03E8                     _blink_state:
   268     03E8                     	ds	1
   269                           
   270                           	psect	bssCOMMON
   271     0070                     __pbssCOMMON:
   272     0070                     _motor_on:
   273     0070                     	ds	2
   274     0072                     _dry_run_timer:
   275     0072                     	ds	2
   276     0074                     _r2_timer:
   277     0074                     	ds	2
   278     0076                     _r2_state:
   279     0076                     	ds	1
   280                           
   281                           	psect	bssBANK0
   282     0020                     __pbssBANK0:
   283     0020                     _blink_cnt:
   284     0020                     	ds	2
   285     0022                     _dry_run:
   286     0022                     	ds	2
   287                           
   288                           	psect	cstackCOMMON
   289     0077                     __pcstackCOMMON:
   290     0077                     ?_init_hw:
   291     0077                     ?_alarm:	
   292                           ; 1 bytes @ 0x0
   293                           
   294     0077                     ?_pump_led_blink:	
   295                           ; 1 bytes @ 0x0
   296                           
   297     0077                     ?_relay2_on_pump_start:	
   298                           ; 1 bytes @ 0x0
   299                           
   300     0077                     ?_reset_relay2_logic:	
   301                           ; 1 bytes @ 0x0
   302                           
   303     0077                     ?_dry_run_check:	
   304                           ; 1 bytes @ 0x0
   305                           
   306     0077                     ?_main:	
   307                           ; 1 bytes @ 0x0
   308                           
   309     0077                     ??_init_hw:	
   310                           ; 1 bytes @ 0x0
   311                           
   312     0077                     ??_alarm:	
   313                           ; 1 bytes @ 0x0
   314                           
   315     0077                     ??_pump_led_blink:	
   316                           ; 1 bytes @ 0x0
   317                           
   318     0077                     ??_relay2_on_pump_start:	
   319                           ; 1 bytes @ 0x0
   320                           
   321     0077                     ??_reset_relay2_logic:	
   322                           ; 1 bytes @ 0x0
   323                           
   324     0077                     ??_dry_run_check:	
   325                           ; 1 bytes @ 0x0
   326                           
   327                           
   328                           ; 1 bytes @ 0x0
   329     0077                     	ds	3
   330     007A                     ??_main:
   331                           
   332                           ; 1 bytes @ 0x3
   333     007A                     	ds	3
   334                           
   335                           	psect	maintext
   336     076A                     __pmaintext:	
   337 ;;
   338 ;;Main: autosize = 0, tempsize = 3, incstack = 0, save=0
   339 ;;
   340 ;; *************** function _main *****************
   341 ;; Defined at:
   342 ;;		line 143 in file "main.c"
   343 ;; Parameters:    Size  Location     Type
   344 ;;		None
   345 ;; Auto vars:     Size  Location     Type
   346 ;;		None
   347 ;; Return value:  Size  Location     Type
   348 ;;                  1    wreg      void 
   349 ;; Registers used:
   350 ;;		wreg, fsr0l, fsr0h, status,2, status,0, pclath, cstack
   351 ;; Tracked objects:
   352 ;;		On entry : B00/0
   353 ;;		On exit  : 0/0
   354 ;;		Unchanged: 0/0
   355 ;; Data sizes:     COMMON   BANK0   BANK1
   356 ;;      Params:         0       0       0
   357 ;;      Locals:         0       0       0
   358 ;;      Temps:          3       0       0
   359 ;;      Totals:         3       0       0
   360 ;;Total ram usage:        3 bytes
   361 ;; Hardware stack levels required when called: 1
   362 ;; This function calls:
   363 ;;		_alarm
   364 ;;		_dry_run_check
   365 ;;		_init_hw
   366 ;;		_pump_led_blink
   367 ;;		_relay2_on_pump_start
   368 ;;		_reset_relay2_logic
   369 ;; This function is called by:
   370 ;;		Startup code after reset
   371 ;; This function uses a non-reentrant model
   372 ;;
   373                           
   374     076A                     _main:	
   375                           ;psect for function _main
   376                           
   377     076A                     l886:	
   378                           ;incstack = 0
   379                           ; Regs used in _main: [wreg-fsr0h+status,2+status,0+pclath+cstack]
   380                           
   381                           
   382                           ;main.c: 145:             }
   383     076A  26C5               	fcall	_init_hw
   384     076B                     l888:
   385                           
   386                           ;main.c: 148:         };main.c: 150: 
   387     076B  1283               	bcf	3,5	;RP0=0, select bank0
   388     076C  1303               	bcf	3,6	;RP1=0, select bank0
   389     076D  0822               	movf	_dry_run,w
   390     076E  0423               	iorwf	_dry_run+1,w
   391     076F  1903               	btfsc	3,2
   392     0770  2F72               	goto	u291
   393     0771  2F73               	goto	u290
   394     0772                     u291:
   395     0772  2F84               	goto	l101
   396     0773                     u290:
   397     0773                     l890:
   398                           
   399                           ;main.c: 151: ;main.c: 152:        if (!RA1 && motor_on) {
   400     0773  1606               	bsf	6,4	;volatile
   401                           
   402                           ;main.c: 153:             motor_on = 0;
   403     0774  1887               	btfsc	7,1	;volatile
   404     0775  2F77               	goto	u301
   405     0776  2F78               	goto	u300
   406     0777                     u301:
   407     0777  2F6B               	goto	l888
   408     0778                     u300:
   409     0778                     l892:
   410                           
   411                           ;main.c: 154:             RB5 = 0;;main.c: 155:             RB6 = 0;
   412     0778  01A2               	clrf	_dry_run
   413     0779  01A3               	clrf	_dry_run+1
   414     077A                     l894:
   415                           
   416                           ;main.c: 156:             RC3 = 0;
   417     077A  1206               	bcf	6,4	;volatile
   418                           
   419                           ;main.c: 157:             dry_run_timer = 0;
   420     077B  01F2               	clrf	_dry_run_timer
   421     077C  01F3               	clrf	_dry_run_timer+1
   422     077D                     l896:
   423                           
   424                           ;main.c: 159:             RB7 = 1;
   425     077D  3001               	movlw	1
   426     077E  00F0               	movwf	_motor_on
   427     077F  3000               	movlw	0
   428     0780  00F1               	movwf	_motor_on+1
   429     0781                     l898:
   430                           
   431                           ;main.c: 160:             alarm();
   432     0781  1706               	bsf	6,6	;volatile
   433     0782                     l900:
   434                           
   435                           ;main.c: 161:            _delay((unsigned long)((2000)*(8000000/4000.0)));
   436     0782  1587               	bsf	7,3	;volatile
   437     0783  2F6B               	goto	l888
   438     0784                     l101:	
   439                           ;main.c: 165: 
   440                           
   441                           
   442                           ;main.c: 169:            RB6 = 1;
   443     0784  1885               	btfsc	5,1	;volatile
   444     0785  2F87               	goto	u311
   445     0786  2F88               	goto	u310
   446     0787                     u311:
   447     0787  2FA8               	goto	l922
   448     0788                     u310:
   449     0788                     l902:
   450     0788  0870               	movf	_motor_on,w
   451     0789  0471               	iorwf	_motor_on+1,w
   452     078A  1903               	btfsc	3,2
   453     078B  2F8D               	goto	u321
   454     078C  2F8E               	goto	u320
   455     078D                     u321:
   456     078D  2FA8               	goto	l922
   457     078E                     u320:
   458     078E                     l904:
   459                           
   460                           ;main.c: 170:            RC3 = 1;
   461     078E  01F0               	clrf	_motor_on
   462     078F  01F1               	clrf	_motor_on+1
   463     0790                     l906:
   464                           
   465                           ;main.c: 171:            RB5 = 1;
   466     0790  1286               	bcf	6,5	;volatile
   467     0791                     l908:
   468                           
   469                           ;main.c: 172:            alarm();
   470     0791  1306               	bcf	6,6	;volatile
   471     0792                     l910:
   472                           
   473                           ;main.c: 173:        } else if (!RA2 && motor_on) {
   474     0792  1187               	bcf	7,3	;volatile
   475                           
   476                           ;main.c: 174:            RB5 = 1;
   477     0793  01F2               	clrf	_dry_run_timer
   478     0794  01F3               	clrf	_dry_run_timer+1
   479     0795                     l912:
   480                           
   481                           ;main.c: 176:            RB5 = 0;
   482     0795  1786               	bsf	6,7	;volatile
   483     0796                     l914:
   484                           
   485                           ;main.c: 177:        }
   486     0796  26B1               	fcall	_alarm
   487     0797                     l916:
   488                           
   489                           ;main.c: 178: 
   490     0797  3015               	movlw	21
   491     0798  00FC               	movwf	??_main+2
   492     0799  304B               	movlw	75
   493     079A  00FB               	movwf	??_main+1
   494     079B  30BE               	movlw	190
   495     079C  00FA               	movwf	??_main
   496     079D                     u397:
   497     079D  0BFA               	decfsz	??_main,f
   498     079E  2F9D               	goto	u397
   499     079F  0BFB               	decfsz	??_main+1,f
   500     07A0  2F9D               	goto	u397
   501     07A1  0BFC               	decfsz	??_main+2,f
   502     07A2  2F9D               	goto	u397
   503     07A3  0000               	nop
   504     07A4                     l918:
   505                           
   506                           ;main.c: 179: 
   507     07A4  1283               	bcf	3,5	;RP0=0, select bank0
   508     07A5  1303               	bcf	3,6	;RP1=0, select bank0
   509     07A6  1386               	bcf	6,7	;volatile
   510     07A7                     l920:
   511                           
   512                           ;main.c: 180:        if (motor_on) {
   513     07A7  26AA               	fcall	_reset_relay2_logic
   514     07A8                     l922:
   515                           
   516                           ;main.c: 184:             if (dry_run_check())
   517     07A8  1283               	bcf	3,5	;RP0=0, select bank0
   518     07A9  1303               	bcf	3,6	;RP1=0, select bank0
   519     07AA  1905               	btfsc	5,2	;volatile
   520     07AB  2FAD               	goto	u331
   521     07AC  2FAE               	goto	u330
   522     07AD                     u331:
   523     07AD  2FBD               	goto	l105
   524     07AE                     u330:
   525     07AE                     l924:
   526     07AE  0870               	movf	_motor_on,w
   527     07AF  0471               	iorwf	_motor_on+1,w
   528     07B0  1D03               	btfss	3,2
   529     07B1  2FB3               	goto	u341
   530     07B2  2FB4               	goto	u340
   531     07B3                     u341:
   532     07B3  2FBD               	goto	l105
   533     07B4                     u340:
   534     07B4                     l926:
   535                           
   536                           ;main.c: 185:             {
   537     07B4  3001               	movlw	1
   538     07B5  00F0               	movwf	_motor_on
   539     07B6  3000               	movlw	0
   540     07B7  00F1               	movwf	_motor_on+1
   541     07B8                     l928:
   542                           
   543                           ;main.c: 186:                 motor_on = 0;
   544     07B8  1706               	bsf	6,6	;volatile
   545     07B9                     l930:
   546                           
   547                           ;main.c: 187:                 RB6 = 0;
   548     07B9  1587               	bsf	7,3	;volatile
   549     07BA                     l932:
   550                           
   551                           ;main.c: 188:                 RB5 = 0;
   552     07BA  1686               	bsf	6,5	;volatile
   553     07BB                     l934:
   554                           
   555                           ;main.c: 189:                 RB7 = 0;
   556     07BB  26B1               	fcall	_alarm
   557                           
   558                           ;main.c: 190:                 RC3 = 0;
   559     07BC  2FCA               	goto	l940
   560     07BD                     l105:
   561     07BD  1905               	btfsc	5,2	;volatile
   562     07BE  2FC0               	goto	u351
   563     07BF  2FC1               	goto	u350
   564     07C0                     u351:
   565     07C0  2FC9               	goto	l107
   566     07C1                     u350:
   567     07C1                     l936:
   568     07C1  0870               	movf	_motor_on,w
   569     07C2  0471               	iorwf	_motor_on+1,w
   570     07C3  1903               	btfsc	3,2
   571     07C4  2FC6               	goto	u361
   572     07C5  2FC7               	goto	u360
   573     07C6                     u361:
   574     07C6  2FC9               	goto	l107
   575     07C7                     u360:
   576     07C7                     l938:
   577                           
   578                           ;main.c: 191: 
   579     07C7  1686               	bsf	6,5	;volatile
   580                           
   581                           ;main.c: 192:                 dry_run = 1;
   582     07C8  2FCA               	goto	l940
   583     07C9                     l107:
   584                           
   585                           ;main.c: 193:                 alarm();
   586     07C9  1286               	bcf	6,5	;volatile
   587     07CA                     l940:
   588                           
   589                           ;main.c: 197:        _delay((unsigned long)((5)*(8000000/4000.0)));
   590     07CA  0870               	movf	_motor_on,w
   591     07CB  0471               	iorwf	_motor_on+1,w
   592     07CC  1903               	btfsc	3,2
   593     07CD  2FCF               	goto	u371
   594     07CE  2FD0               	goto	u370
   595     07CF                     u371:
   596     07CF  2FE5               	goto	l962
   597     07D0                     u370:
   598     07D0                     l942:
   599                           
   600                           ;main.c: 198:    }
   601     07D0  26FC               	fcall	_pump_led_blink
   602     07D1                     l944:
   603                           
   604                           ;main.c: 199: }
   605     07D1  2729               	fcall	_relay2_on_pump_start
   606     07D2                     l946:
   607     07D2  26D9               	fcall	_dry_run_check
   608     07D3  3A00               	xorlw	0
   609     07D4  1903               	skipnz
   610     07D5  2FD7               	goto	u381
   611     07D6  2FD8               	goto	u380
   612     07D7                     u381:
   613     07D7  2FE5               	goto	l962
   614     07D8                     u380:
   615     07D8                     l948:
   616     07D8  01F0               	clrf	_motor_on
   617     07D9  01F1               	clrf	_motor_on+1
   618     07DA                     l950:
   619     07DA  1283               	bcf	3,5	;RP0=0, select bank0
   620     07DB  1303               	bcf	3,6	;RP1=0, select bank0
   621     07DC  1306               	bcf	6,6	;volatile
   622     07DD                     l952:
   623     07DD  1286               	bcf	6,5	;volatile
   624     07DE                     l954:
   625     07DE  1386               	bcf	6,7	;volatile
   626     07DF                     l956:
   627     07DF  1187               	bcf	7,3	;volatile
   628     07E0                     l958:
   629     07E0  3001               	movlw	1
   630     07E1  00A2               	movwf	_dry_run
   631     07E2  3000               	movlw	0
   632     07E3  00A3               	movwf	_dry_run+1
   633     07E4                     l960:
   634     07E4  26B1               	fcall	_alarm
   635     07E5                     l962:
   636     07E5  300D               	movlw	13
   637     07E6  00FB               	movwf	??_main+1
   638     07E7  30FB               	movlw	251
   639     07E8  00FA               	movwf	??_main
   640     07E9                     u407:
   641     07E9  0BFA               	decfsz	??_main,f
   642     07EA  2FE9               	goto	u407
   643     07EB  0BFB               	decfsz	??_main+1,f
   644     07EC  2FE9               	goto	u407
   645     07ED  2FEE               	nop2
   646     07EE  2F6B               	goto	l888
   647     07EF  2800               	ljmp	start
   648     07F0                     __end_of_main:
   649                           
   650                           	psect	text1
   651     06AA                     __ptext1:	
   652 ;; *************** function _reset_relay2_logic *****************
   653 ;; Defined at:
   654 ;;		line 112 in file "main.c"
   655 ;; Parameters:    Size  Location     Type
   656 ;;		None
   657 ;; Auto vars:     Size  Location     Type
   658 ;;		None
   659 ;; Return value:  Size  Location     Type
   660 ;;                  1    wreg      void 
   661 ;; Registers used:
   662 ;;		status,2
   663 ;; Tracked objects:
   664 ;;		On entry : 0/0
   665 ;;		On exit  : 0/0
   666 ;;		Unchanged: 0/0
   667 ;; Data sizes:     COMMON   BANK0   BANK1
   668 ;;      Params:         0       0       0
   669 ;;      Locals:         0       0       0
   670 ;;      Temps:          0       0       0
   671 ;;      Totals:         0       0       0
   672 ;;Total ram usage:        0 bytes
   673 ;; Hardware stack levels used: 1
   674 ;; This function calls:
   675 ;;		Nothing
   676 ;; This function is called by:
   677 ;;		_main
   678 ;; This function uses a non-reentrant model
   679 ;;
   680                           
   681     06AA                     _reset_relay2_logic:	
   682                           ;psect for function _reset_relay2_logic
   683                           
   684     06AA                     l860:	
   685                           ;incstack = 0
   686                           ; Regs used in _reset_relay2_logic: [status,2]
   687                           
   688                           
   689                           ;main.c: 114:     }
   690     06AA  01F6               	clrf	_r2_state
   691                           
   692                           ;main.c: 115: 
   693     06AB  01F4               	clrf	_r2_timer
   694     06AC  01F5               	clrf	_r2_timer+1
   695     06AD                     l862:
   696                           
   697                           ;main.c: 116:     if (RA3) {
   698     06AD  1283               	bcf	3,5	;RP0=0, select bank0
   699     06AE  1303               	bcf	3,6	;RP1=0, select bank0
   700     06AF  1207               	bcf	7,4	;volatile
   701     06B0                     l88:
   702     06B0  0008               	return
   703     06B1                     __end_of_reset_relay2_logic:
   704                           
   705                           	psect	text2
   706     0729                     __ptext2:	
   707 ;; *************** function _relay2_on_pump_start *****************
   708 ;; Defined at:
   709 ;;		line 79 in file "main.c"
   710 ;; Parameters:    Size  Location     Type
   711 ;;		None
   712 ;; Auto vars:     Size  Location     Type
   713 ;;		None
   714 ;; Return value:  Size  Location     Type
   715 ;;                  1    wreg      void 
   716 ;; Registers used:
   717 ;;		wreg, fsr0l, fsr0h, status,2, status,0
   718 ;; Tracked objects:
   719 ;;		On entry : 0/0
   720 ;;		On exit  : 0/0
   721 ;;		Unchanged: 0/0
   722 ;; Data sizes:     COMMON   BANK0   BANK1
   723 ;;      Params:         0       0       0
   724 ;;      Locals:         0       0       0
   725 ;;      Temps:          0       0       0
   726 ;;      Totals:         0       0       0
   727 ;;Total ram usage:        0 bytes
   728 ;; Hardware stack levels used: 1
   729 ;; This function calls:
   730 ;;		Nothing
   731 ;; This function is called by:
   732 ;;		_main
   733 ;; This function uses a non-reentrant model
   734 ;;
   735                           
   736     0729                     _relay2_on_pump_start:	
   737                           ;psect for function _relay2_on_pump_start
   738                           
   739     0729                     l838:	
   740                           ;incstack = 0
   741                           ; Regs used in _relay2_on_pump_start: [wreg-fsr0h+status,2+status,0]
   742                           
   743                           
   744                           ;main.c: 81:             if (++r2_timer >= 600)
   745     0729  2F5B               	goto	l858
   746     072A                     l840:
   747                           
   748                           ;main.c: 84:                 r2_state = 3;
   749     072A  01F4               	clrf	_r2_timer
   750     072B  01F5               	clrf	_r2_timer+1
   751     072C                     l842:
   752                           
   753                           ;main.c: 85:             }
   754     072C  3001               	movlw	1
   755     072D  00F6               	movwf	_r2_state
   756                           
   757                           ;main.c: 86:             break;
   758     072E  2F69               	goto	l85
   759     072F                     l844:
   760                           
   761                           ;main.c: 89: 
   762     072F  3001               	movlw	1
   763     0730  07F4               	addwf	_r2_timer,f
   764     0731  1803               	skipnc
   765     0732  0AF5               	incf	_r2_timer+1,f
   766     0733  3000               	movlw	0
   767     0734  07F5               	addwf	_r2_timer+1,f
   768     0735  3001               	movlw	1
   769     0736  0275               	subwf	_r2_timer+1,w
   770     0737  3090               	movlw	144
   771     0738  1903               	skipnz
   772     0739  0274               	subwf	_r2_timer,w
   773     073A  1C03               	skipc
   774     073B  2F3D               	goto	u241
   775     073C  2F3E               	goto	u240
   776     073D                     u241:
   777     073D  2F69               	goto	l85
   778     073E                     u240:
   779     073E                     l846:
   780                           
   781                           ;main.c: 90:             break;;main.c: 91:     }
   782     073E  01F4               	clrf	_r2_timer
   783     073F  01F5               	clrf	_r2_timer+1
   784     0740                     l848:
   785                           
   786                           ;main.c: 92: }
   787     0740  1283               	bcf	3,5	;RP0=0, select bank0
   788     0741  1303               	bcf	3,6	;RP1=0, select bank0
   789     0742  1607               	bsf	7,4	;volatile
   790     0743                     l850:
   791                           
   792                           ;main.c: 93: 
   793     0743  3002               	movlw	2
   794     0744  00F6               	movwf	_r2_state
   795     0745  2F69               	goto	l85
   796     0746                     l852:
   797                           
   798                           ;main.c: 98:     r2_timer = 0;
   799     0746  3001               	movlw	1
   800     0747  07F4               	addwf	_r2_timer,f
   801     0748  1803               	skipnc
   802     0749  0AF5               	incf	_r2_timer+1,f
   803     074A  3000               	movlw	0
   804     074B  07F5               	addwf	_r2_timer+1,f
   805     074C  3002               	movlw	2
   806     074D  0275               	subwf	_r2_timer+1,w
   807     074E  3058               	movlw	88
   808     074F  1903               	skipnz
   809     0750  0274               	subwf	_r2_timer,w
   810     0751  1C03               	skipc
   811     0752  2F54               	goto	u251
   812     0753  2F55               	goto	u250
   813     0754                     u251:
   814     0754  2F69               	goto	l85
   815     0755                     u250:
   816     0755                     l854:
   817                           
   818                           ;main.c: 99:     RC4 = 0;;main.c: 100: }
   819     0755  1283               	bcf	3,5	;RP0=0, select bank0
   820     0756  1303               	bcf	3,6	;RP1=0, select bank0
   821     0757  1207               	bcf	7,4	;volatile
   822                           
   823                           ;main.c: 101: 
   824     0758  3003               	movlw	3
   825     0759  00F6               	movwf	_r2_state
   826     075A  2F69               	goto	l85
   827     075B                     l858:
   828     075B  0876               	movf	_r2_state,w
   829                           
   830                           ; Switch size 1, requested type "simple"
   831                           ; Number of cases is 4, Range of values is 0 to 3
   832                           ; switch strategies available:
   833                           ; Name         Instructions Cycles
   834                           ; direct_byte           10     6 (fixed)
   835                           ; simple_byte           13     7 (average)
   836                           ; jumptable            260     6 (fixed)
   837                           ;	Chosen strategy is simple_byte
   838     075C  3A00               	xorlw	0	; case 0
   839     075D  1903               	skipnz
   840     075E  2F2A               	goto	l840
   841     075F  3A01               	xorlw	1	; case 1
   842     0760  1903               	skipnz
   843     0761  2F2F               	goto	l844
   844     0762  3A03               	xorlw	3	; case 2
   845     0763  1903               	skipnz
   846     0764  2F46               	goto	l852
   847     0765  3A01               	xorlw	1	; case 3
   848     0766  1903               	skipnz
   849     0767  2F69               	goto	l85
   850     0768  2F69               	goto	l85
   851     0769                     l85:
   852     0769  0008               	return
   853     076A                     __end_of_relay2_on_pump_start:
   854                           
   855                           	psect	text3
   856     06FC                     __ptext3:	
   857 ;; *************** function _pump_led_blink *****************
   858 ;; Defined at:
   859 ;;		line 57 in file "main.c"
   860 ;; Parameters:    Size  Location     Type
   861 ;;		None
   862 ;; Auto vars:     Size  Location     Type
   863 ;;		None
   864 ;; Return value:  Size  Location     Type
   865 ;;                  1    wreg      void 
   866 ;; Registers used:
   867 ;;		wreg, status,2, status,0
   868 ;; Tracked objects:
   869 ;;		On entry : 0/0
   870 ;;		On exit  : 0/0
   871 ;;		Unchanged: 0/0
   872 ;; Data sizes:     COMMON   BANK0   BANK1
   873 ;;      Params:         0       0       0
   874 ;;      Locals:         0       0       0
   875 ;;      Temps:          0       0       0
   876 ;;      Totals:         0       0       0
   877 ;;Total ram usage:        0 bytes
   878 ;; Hardware stack levels used: 1
   879 ;; This function calls:
   880 ;;		Nothing
   881 ;; This function is called by:
   882 ;;		_main
   883 ;; This function uses a non-reentrant model
   884 ;;
   885                           
   886     06FC                     _pump_led_blink:	
   887                           ;psect for function _pump_led_blink
   888                           
   889     06FC                     l824:	
   890                           ;incstack = 0
   891                           ; Regs used in _pump_led_blink: [wreg+status,2+status,0]
   892                           
   893                           
   894                           ;main.c: 59: }
   895     06FC  0870               	movf	_motor_on,w
   896     06FD  0471               	iorwf	_motor_on+1,w
   897     06FE  1903               	btfsc	3,2
   898     06FF  2F01               	goto	u201
   899     0700  2F02               	goto	u200
   900     0701                     u201:
   901     0701  2F22               	goto	l71
   902     0702                     u200:
   903     0702                     l826:
   904                           
   905                           ;main.c: 60: ;main.c: 61: 
   906     0702  3001               	movlw	1
   907     0703  1283               	bcf	3,5	;RP0=0, select bank0
   908     0704  1303               	bcf	3,6	;RP1=0, select bank0
   909     0705  07A0               	addwf	_blink_cnt,f
   910     0706  1803               	skipnc
   911     0707  0AA1               	incf	_blink_cnt+1,f
   912     0708  3000               	movlw	0
   913     0709  07A1               	addwf	_blink_cnt+1,f
   914                           
   915                           ;main.c: 63: {
   916     070A  3000               	movlw	0
   917     070B  0221               	subwf	_blink_cnt+1,w
   918     070C  3064               	movlw	100
   919     070D  1903               	skipnz
   920     070E  0220               	subwf	_blink_cnt,w
   921     070F  1C03               	skipc
   922     0710  2F12               	goto	u211
   923     0711  2F13               	goto	u210
   924     0712                     u211:
   925     0712  2F28               	goto	l74
   926     0713                     u210:
   927     0713                     l828:
   928                           
   929                           ;main.c: 64:     switch (r2_state);main.c: 65:     {
   930     0713  01A0               	clrf	_blink_cnt
   931     0714  01A1               	clrf	_blink_cnt+1
   932     0715                     l830:
   933                           
   934                           ;main.c: 66:         case 0:
   935     0715  3001               	movlw	(0+1) shl (_blink_state& (0+7))
   936     0716  06FD               	xorwf	_blink_state/(0+8),f
   937     0717                     l832:
   938                           
   939                           ;main.c: 67:             r2_timer = 0;
   940     0717  187D               	btfsc	_blink_state/(0+8),_blink_state& (0+7)
   941     0718  2F1A               	goto	u221
   942     0719  2F1E               	goto	u220
   943     071A                     u221:
   944     071A  1283               	bcf	3,5	;RP0=0, select bank0
   945     071B  1303               	bcf	3,6	;RP1=0, select bank0
   946     071C  1706               	bsf	6,6	;volatile
   947     071D  2F21               	goto	u234
   948     071E                     u220:
   949     071E  1283               	bcf	3,5	;RP0=0, select bank0
   950     071F  1303               	bcf	3,6	;RP1=0, select bank0
   951     0720  1306               	bcf	6,6	;volatile
   952     0721                     u234:
   953     0721  2F28               	goto	l74
   954     0722                     l71:	
   955                           ;main.c: 70: 
   956                           
   957                           
   958                           ;main.c: 71:         case 1:;main.c: 72:             if (++r2_timer >= 400)
   959     0722  1283               	bcf	3,5	;RP0=0, select bank0
   960     0723  1303               	bcf	3,6	;RP1=0, select bank0
   961     0724  1306               	bcf	6,6	;volatile
   962     0725                     l834:
   963                           
   964                           ;main.c: 73:             {
   965     0725  01A0               	clrf	_blink_cnt
   966     0726  01A1               	clrf	_blink_cnt+1
   967     0727                     l836:
   968                           
   969                           ;main.c: 74:                 r2_timer = 0;
   970     0727  107D               	bcf	_blink_state/(0+8),_blink_state& (0+7)
   971     0728                     l74:
   972     0728  0008               	return
   973     0729                     __end_of_pump_led_blink:
   974                           
   975                           	psect	text4
   976     06C5                     __ptext4:	
   977 ;; *************** function _init_hw *****************
   978 ;; Defined at:
   979 ;;		line 29 in file "main.c"
   980 ;; Parameters:    Size  Location     Type
   981 ;;		None
   982 ;; Auto vars:     Size  Location     Type
   983 ;;		None
   984 ;; Return value:  Size  Location     Type
   985 ;;                  1    wreg      void 
   986 ;; Registers used:
   987 ;;		status,2
   988 ;; Tracked objects:
   989 ;;		On entry : 0/0
   990 ;;		On exit  : 0/0
   991 ;;		Unchanged: 0/0
   992 ;; Data sizes:     COMMON   BANK0   BANK1
   993 ;;      Params:         0       0       0
   994 ;;      Locals:         0       0       0
   995 ;;      Temps:          0       0       0
   996 ;;      Totals:         0       0       0
   997 ;;Total ram usage:        0 bytes
   998 ;; Hardware stack levels used: 1
   999 ;; This function calls:
  1000 ;;		Nothing
  1001 ;; This function is called by:
  1002 ;;		_main
  1003 ;; This function uses a non-reentrant model
  1004 ;;
  1005                           
  1006     06C5                     _init_hw:	
  1007                           ;psect for function _init_hw
  1008                           
  1009     06C5                     l810:	
  1010                           ;incstack = 0
  1011                           ; Regs used in _init_hw: [status,2]
  1012                           
  1013                           
  1014                           ;main.c: 32: void alarm(void)
  1015     06C5  3072               	movlw	114
  1016     06C6  1683               	bsf	3,5	;RP0=1, select bank1
  1017     06C7  1303               	bcf	3,6	;RP1=0, select bank1
  1018     06C8  008F               	movwf	15	;volatile
  1019     06C9                     l812:
  1020                           
  1021                           ;main.c: 35:     _delay((unsigned long)((300)*(8000000/4000.0)));
  1022     06C9  1683               	bsf	3,5	;RP0=1, select bank3
  1023     06CA  1703               	bsf	3,6	;RP1=1, select bank3
  1024     06CB  0188               	clrf	8	;volatile
  1025                           
  1026                           ;main.c: 36:     RC6 = 0;
  1027     06CC  0189               	clrf	9	;volatile
  1028     06CD                     l814:
  1029                           
  1030                           ;main.c: 39: 
  1031     06CD  303E               	movlw	62
  1032     06CE  1683               	bsf	3,5	;RP0=1, select bank1
  1033     06CF  1303               	bcf	3,6	;RP1=0, select bank1
  1034     06D0  0085               	movwf	5	;volatile
  1035                           
  1036                           ;main.c: 40: void pump_led_blink(void)
  1037     06D1  0186               	clrf	6	;volatile
  1038     06D2                     l816:
  1039                           
  1040                           ;main.c: 41: {
  1041     06D2  3002               	movlw	2
  1042     06D3  0087               	movwf	7	;volatile
  1043                           
  1044                           ;main.c: 44:         blink_cnt++;
  1045     06D4  1283               	bcf	3,5	;RP0=0, select bank0
  1046     06D5  1303               	bcf	3,6	;RP1=0, select bank0
  1047     06D6  0186               	clrf	6	;volatile
  1048                           
  1049                           ;main.c: 45: 
  1050     06D7  0187               	clrf	7	;volatile
  1051     06D8                     l65:
  1052     06D8  0008               	return
  1053     06D9                     __end_of_init_hw:
  1054                           
  1055                           	psect	text5
  1056     06D9                     __ptext5:	
  1057 ;; *************** function _dry_run_check *****************
  1058 ;; Defined at:
  1059 ;;		line 120 in file "main.c"
  1060 ;; Parameters:    Size  Location     Type
  1061 ;;		None
  1062 ;; Auto vars:     Size  Location     Type
  1063 ;;		None
  1064 ;; Return value:  Size  Location     Type
  1065 ;;                  1    wreg      unsigned char 
  1066 ;; Registers used:
  1067 ;;		wreg, status,2, status,0
  1068 ;; Tracked objects:
  1069 ;;		On entry : 0/0
  1070 ;;		On exit  : 0/0
  1071 ;;		Unchanged: 0/0
  1072 ;; Data sizes:     COMMON   BANK0   BANK1
  1073 ;;      Params:         0       0       0
  1074 ;;      Locals:         0       0       0
  1075 ;;      Temps:          0       0       0
  1076 ;;      Totals:         0       0       0
  1077 ;;Total ram usage:        0 bytes
  1078 ;; Hardware stack levels used: 1
  1079 ;; This function calls:
  1080 ;;		Nothing
  1081 ;; This function is called by:
  1082 ;;		_main
  1083 ;; This function uses a non-reentrant model
  1084 ;;
  1085                           
  1086     06D9                     _dry_run_check:	
  1087                           ;psect for function _dry_run_check
  1088                           
  1089     06D9                     l864:	
  1090                           ;incstack = 0
  1091                           ; Regs used in _dry_run_check: [wreg+status,2+status,0]
  1092                           
  1093                           
  1094                           ;main.c: 122: }
  1095     06D9  0870               	movf	_motor_on,w
  1096     06DA  0471               	iorwf	_motor_on+1,w
  1097     06DB  1D03               	btfss	3,2
  1098     06DC  2EDE               	goto	u261
  1099     06DD  2EDF               	goto	u260
  1100     06DE                     u261:
  1101     06DE  2EE3               	goto	l872
  1102     06DF                     u260:
  1103     06DF                     l866:
  1104                           
  1105                           ;main.c: 123: ;main.c: 124: 
  1106     06DF  01F2               	clrf	_dry_run_timer
  1107     06E0  01F3               	clrf	_dry_run_timer+1
  1108     06E1                     l868:
  1109                           
  1110                           ;main.c: 125: 
  1111     06E1  3000               	movlw	0
  1112     06E2  2EFB               	goto	l92
  1113     06E3                     l872:
  1114                           
  1115                           ;main.c: 128:     init_hw();
  1116     06E3  3007               	movlw	7
  1117     06E4  0273               	subwf	_dry_run_timer+1,w
  1118     06E5  30D0               	movlw	208
  1119     06E6  1903               	skipnz
  1120     06E7  0272               	subwf	_dry_run_timer,w
  1121     06E8  1C03               	skipc
  1122     06E9  2EEB               	goto	u271
  1123     06EA  2EEC               	goto	u270
  1124     06EB                     u271:
  1125     06EB  2EEE               	goto	l93
  1126     06EC                     u270:
  1127     06EC                     l874:
  1128                           
  1129                           ;main.c: 129: ;main.c: 130:     while(1)
  1130     06EC  3001               	movlw	1
  1131     06ED  2EFB               	goto	l92
  1132     06EE                     l93:	
  1133                           ;main.c: 131:     {
  1134                           
  1135                           
  1136                           ;main.c: 133:         if (dry_run)
  1137     06EE  1283               	bcf	3,5	;RP0=0, select bank0
  1138     06EF  1303               	bcf	3,6	;RP1=0, select bank0
  1139     06F0  1D85               	btfss	5,3	;volatile
  1140     06F1  2EF3               	goto	u281
  1141     06F2  2EF4               	goto	u280
  1142     06F3                     u281:
  1143     06F3  2EDF               	goto	l866
  1144     06F4                     u280:
  1145     06F4                     l878:
  1146                           
  1147                           ;main.c: 134:         {
  1148     06F4  3001               	movlw	1
  1149     06F5  07F2               	addwf	_dry_run_timer,f
  1150     06F6  1803               	skipnc
  1151     06F7  0AF3               	incf	_dry_run_timer+1,f
  1152     06F8  3000               	movlw	0
  1153     06F9  07F3               	addwf	_dry_run_timer+1,f
  1154                           
  1155                           ;main.c: 135:             RB4 = 1;
  1156     06FA  2EE1               	goto	l868
  1157     06FB                     l92:
  1158     06FB  0008               	return
  1159     06FC                     __end_of_dry_run_check:
  1160                           
  1161                           	psect	text6
  1162     06B1                     __ptext6:	
  1163 ;; *************** function _alarm *****************
  1164 ;; Defined at:
  1165 ;;		line 49 in file "main.c"
  1166 ;; Parameters:    Size  Location     Type
  1167 ;;		None
  1168 ;; Auto vars:     Size  Location     Type
  1169 ;;		None
  1170 ;; Return value:  Size  Location     Type
  1171 ;;                  1    wreg      void 
  1172 ;; Registers used:
  1173 ;;		wreg
  1174 ;; Tracked objects:
  1175 ;;		On entry : 0/0
  1176 ;;		On exit  : 0/0
  1177 ;;		Unchanged: 0/0
  1178 ;; Data sizes:     COMMON   BANK0   BANK1
  1179 ;;      Params:         0       0       0
  1180 ;;      Locals:         0       0       0
  1181 ;;      Temps:          3       0       0
  1182 ;;      Totals:         3       0       0
  1183 ;;Total ram usage:        3 bytes
  1184 ;; Hardware stack levels used: 1
  1185 ;; This function calls:
  1186 ;;		Nothing
  1187 ;; This function is called by:
  1188 ;;		_main
  1189 ;; This function uses a non-reentrant model
  1190 ;;
  1191                           
  1192     06B1                     _alarm:	
  1193                           ;psect for function _alarm
  1194                           
  1195     06B1                     l818:	
  1196                           ;incstack = 0
  1197                           ; Regs used in _alarm: [wreg]
  1198                           
  1199                           
  1200                           ;main.c: 51:         }
  1201     06B1  1283               	bcf	3,5	;RP0=0, select bank0
  1202     06B2  1303               	bcf	3,6	;RP1=0, select bank0
  1203     06B3  1707               	bsf	7,6	;volatile
  1204     06B4                     l820:
  1205                           
  1206                           ;main.c: 52:     }
  1207     06B4  3004               	movlw	4
  1208     06B5  00F9               	movwf	??_alarm+2
  1209     06B6  300C               	movlw	12
  1210     06B7  00F8               	movwf	??_alarm+1
  1211     06B8  3033               	movlw	51
  1212     06B9  00F7               	movwf	??_alarm
  1213     06BA                     u417:
  1214     06BA  0BF7               	decfsz	??_alarm,f
  1215     06BB  2EBA               	goto	u417
  1216     06BC  0BF8               	decfsz	??_alarm+1,f
  1217     06BD  2EBA               	goto	u417
  1218     06BE  0BF9               	decfsz	??_alarm+2,f
  1219     06BF  2EBA               	goto	u417
  1220     06C0  2EC1               	nop2
  1221     06C1                     l822:
  1222                           
  1223                           ;main.c: 53:     else
  1224     06C1  1283               	bcf	3,5	;RP0=0, select bank0
  1225     06C2  1303               	bcf	3,6	;RP1=0, select bank0
  1226     06C3  1307               	bcf	7,6	;volatile
  1227     06C4                     l68:
  1228     06C4  0008               	return
  1229     06C5                     __end_of_alarm:
  1230     0000                     ___latbits      equ	0
  1231     007E                     btemp           set	126	;btemp
  1232     007E                     btemp0          set	126
  1233     007F                     btemp1          set	127
  1234     007E                     wtemp0          set	126
  1235     007F                     wtemp0a         set	127
  1236     007F                     ttemp0a         set	127
  1237     0080                     ltemp0a         set	128
  1238                           
  1239                           	psect	config
  1240                           
  1241                           ;Config register CONFIG1 @ 0x2007
  1242                           ;	Oscillator Selection bits
  1243                           ;	FOSC = INTRC_NOCLKOUT, INTOSCIO oscillator: I/O function on RA6/OSC2/CLKOUT pin, I/O f
      +                          unction on RA7/OSC1/CLKIN
  1244                           ;	Watchdog Timer Enable bit
  1245                           ;	WDTE = OFF, WDT disabled and can be enabled by SWDTEN bit of the WDTCON register
  1246                           ;	Power-up Timer Enable bit
  1247                           ;	PWRTE = ON, PWRT enabled
  1248                           ;	RE3/MCLR pin function select bit
  1249                           ;	MCLRE = ON, RE3/MCLR pin function is MCLR
  1250                           ;	Code Protection bit
  1251                           ;	CP = OFF, Program memory code protection is disabled
  1252                           ;	Data Code Protection bit
  1253                           ;	CPD = OFF, Data memory code protection is disabled
  1254                           ;	Brown Out Reset Selection bits
  1255                           ;	BOREN = ON, BOR enabled
  1256                           ;	Internal External Switchover bit
  1257                           ;	IESO = OFF, Internal/External Switchover mode is disabled
  1258                           ;	Fail-Safe Clock Monitor Enabled bit
  1259                           ;	FCMEN = OFF, Fail-Safe Clock Monitor is disabled
  1260                           ;	Low Voltage Programming Enable bit
  1261                           ;	LVP = OFF, RB3 pin has digital I/O, HV on MCLR must be used for programming
  1262                           ;	In-Circuit Debugger Mode bit
  1263                           ;	DEBUG = 0x1, unprogrammed default
  1264     2007                     	org	8199
  1265     2007  23E4               	dw	9188

Data Sizes:
    Strings     0
    Constant    0
    Data        0
    BSS         12
    Persistent  0
    Stack       0

Auto Spaces:
    Space          Size  Autos    Used
    COMMON           14      6      14
    BANK0            80      0       4
    BANK1            32      0       0

Pointer List with Targets:

    None.

Critical Paths under _main in COMMON

    _main->_alarm

Critical Paths under _main in BANK0

    None.

Critical Paths under _main in BANK1

    None.

Call Graph Tables:

 ---------------------------------------------------------------------------------
 (Depth) Function   	        Calls       Base Space   Used Autos Params    Refs
 ---------------------------------------------------------------------------------
 (0) _main                                                 3     3      0       0
                                              3 COMMON     3     3      0
                              _alarm
                      _dry_run_check
                            _init_hw
                     _pump_led_blink
               _relay2_on_pump_start
                 _reset_relay2_logic
 ---------------------------------------------------------------------------------
 (1) _reset_relay2_logic                                   0     0      0       0
 ---------------------------------------------------------------------------------
 (1) _relay2_on_pump_start                                 0     0      0       0
 ---------------------------------------------------------------------------------
 (1) _pump_led_blink                                       0     0      0       0
 ---------------------------------------------------------------------------------
 (1) _init_hw                                              0     0      0       0
 ---------------------------------------------------------------------------------
 (1) _dry_run_check                                        0     0      0       0
 ---------------------------------------------------------------------------------
 (1) _alarm                                                3     3      0       0
                                              0 COMMON     3     3      0
 ---------------------------------------------------------------------------------
 Estimated maximum stack depth 1
 ---------------------------------------------------------------------------------

 Call Graph Graphs:

 _main (ROOT)
   _alarm
   _dry_run_check
   _init_hw
   _pump_led_blink
   _relay2_on_pump_start
   _reset_relay2_logic

Address spaces:
Name               Size   Autos  Total    Usage
BITCOMMON           14      0       1      7.1%
BITBANK0            80      0       0      0.0%
BITBANK1            32      0       0      0.0%
COMMON              14      6      14    100.0%
BANK0               80      0       4      5.0%
BANK1               32      0       0      0.0%
STACK                0      0       0      0.0%
DATA                 0      0      18      0.0%


Microchip Technology PIC Macro Assembler V3.10 build 20250813170317 
Symbol Table                                                                                   Wed Jan 28 10:22:42 2026

                          l71 0722                            l65 06D8                            l74 0728  
                          l68 06C4                            l92 06FB                            l93 06EE  
                          l85 0769                            l88 06B0                           l101 0784  
                         l105 07BD                           l107 07C9                           l810 06C5  
                         l820 06B4                           l812 06C9                           l900 0782  
                         l822 06C1                           l814 06CD                           l830 0715  
                         l910 0792                           l902 0788                           l816 06D2  
                         l832 0717                           l824 06FC                           l840 072A  
                         l920 07A7                           l912 0795                           l904 078E  
                         l818 06B1                           l834 0725                           l826 0702  
                         l850 0743                           l842 072C                           l930 07B9  
                         l914 0796                           l906 0790                           l922 07A8  
                         l836 0727                           l828 0713                           l852 0746  
                         l844 072F                           l860 06AA                           l940 07CA  
                         l932 07BA                           l924 07AE                           l916 0797  
                         l908 0791                           l854 0755                           l846 073E  
                         l838 0729                           l862 06AD                           l950 07DA  
                         l942 07D0                           l934 07BB                           l926 07B4  
                         l918 07A4                           l872 06E3                           l864 06D9  
                         l848 0740                           l960 07E4                           l952 07DD  
                         l944 07D1                           l936 07C1                           l928 07B8  
                         l874 06EC                           l866 06DF                           l858 075B  
                         l954 07DE                           l946 07D2                           l962 07E5  
                         l938 07C7                           l890 0773                           l868 06E1  
                         l956 07DF                           l948 07D8                           l892 0778  
                         l878 06F4                           l958 07E0                           l894 077A  
                         l886 076A                           l896 077D                           l888 076B  
                         l898 0781                           _RA1 0029                           _RA2 002A  
                         _RA3 002B                           _RC1 0039                           _RB4 0034  
                         _RC3 003B                           _RB5 0035                           _RB6 0036  
                         _RC4 003C                           _RB7 0037                           _RC6 003E  
                         u200 0702                           u201 0701                           u210 0713  
                         u211 0712                           u220 071E                           u300 0778  
                         u221 071A                           u301 0777                           u310 0788  
                         u311 0787                           u240 073E                           u320 078E  
                         u241 073D                           u321 078D                           u234 0721  
                         u250 0755                           u330 07AE                           u251 0754  
                         u331 07AD                           u260 06DF                           u340 07B4  
                         u261 06DE                           u341 07B3                           u270 06EC  
                         u350 07C1                           u271 06EB                           u407 07E9  
                         u351 07C0                           u280 06F4                           u360 07C7  
                         u417 06BA                           u281 06F3                           u361 07C6  
                         u370 07D0                           u290 0773                           u371 07CF  
                         u291 0772                           u380 07D8                           u381 07D7  
                         u397 079D  __end_of_relay2_on_pump_start 076A                          _main 076A  
                        btemp 007E                          start 0000                         ?_main 0077  
                       _ANSEL 0188                _pump_led_blink 06FC                         _PORTB 0006  
                       _PORTC 0007                         _TRISA 0085                         _TRISB 0086  
                       _TRISC 0087                         _alarm 06B1               __end_of_init_hw 06D9  
                       btemp0 007E                         btemp1 007F                __pbitbssCOMMON 03E8  
                       status 0003                         wtemp0 007E               __initialization 07F0  
                __end_of_main 07F0        __end_of_pump_led_blink 0729                        ??_main 007A  
                      ?_alarm 0077                        _ANSELH 0189                        _OSCCON 008F  
          _reset_relay2_logic 06AA               ?_pump_led_blink 0077          _relay2_on_pump_start 0729  
         ?_reset_relay2_logic 0077                     ??_init_hw 0077                        ltemp0a 0080  
                      ttemp0a 007F                        wtemp0a 007F       __end_of__initialization 07FE  
        ??_reset_relay2_logic 0077                __pcstackCOMMON 0077                 __end_of_alarm 06C5  
       ?_relay2_on_pump_start 0077                 _dry_run_check 06D9                 _dry_run_timer 0072  
                     ??_alarm 0077                    __pbssBANK0 0020                    __pmaintext 076A  
              ?_dry_run_check 0077        ??_relay2_on_pump_start 0077                       __ptext1 06AA  
                     __ptext2 0729                       __ptext3 06FC                       __ptext4 06C5  
                     __ptext5 06D9                       __ptext6 06B1                       _dry_run 0022  
                     _init_hw 06C5          end_of_initialization 07FE              ??_pump_led_blink 0077  
             ??_dry_run_check 0077           start_initialization 07F0                   __pbssCOMMON 0070  
                   ___latbits 0000                     _blink_cnt 0020                   _blink_state 03E8  
                    ?_init_hw 0077                      _r2_timer 0074                      _r2_state 0076  
       __end_of_dry_run_check 06FC                      _motor_on 0070    __end_of_reset_relay2_logic 06B1  
